2024-12-18 21:40:38,519 - GAME - Ankimon Startup.
2024-12-18 21:41:55,383 - GAME - Ankimon Startup.
2024-12-18 21:45:02,711 - GAME - Ankimon Startup.
2024-12-18 21:46:28,723 - GAME - Ankimon Startup.
2024-12-18 21:46:38,511 - GAME - 1x Multiplier
 Charmander has chosen Dragonbreath ! 50 dmg is dealt to Garchomp.
2024-12-18 21:48:10,691 - GAME - Ankimon Startup.
2024-12-18 21:51:58,053 - GAME - Ankimon Startup.
2024-12-18 21:52:23,277 - GAME - Ankimon Startup.
2024-12-18 21:53:16,640 - GAME - Ankimon Startup.
2024-12-18 21:54:03,126 - GAME - Ankimon Startup.
2024-12-18 21:55:08,317 - GAME - Ankimon Startup.
2024-12-18 21:56:39,221 - GAME - Ankimon Startup.
2024-12-18 21:58:23,503 - GAME - Ankimon Startup.
2024-12-18 21:59:09,856 - GAME - Ankimon Startup.
2024-12-18 22:00:32,416 - GAME - Ankimon Startup.
2024-12-18 22:02:30,706 - GAME - Ankimon Startup.
2024-12-18 22:03:26,302 - GAME - Ankimon Startup.
2024-12-18 22:05:28,484 - GAME - Ankimon Startup.
2024-12-18 22:06:10,333 - GAME - Ankimon Startup.
2024-12-18 22:07:26,507 - GAME - Ankimon Startup.
2024-12-18 22:07:42,110 - GAME - Ankimon Startup.
2024-12-18 22:08:17,553 - GAME - Ankimon Startup.
2024-12-18 22:12:54,640 - GAME - Ankimon Startup.
2024-12-18 22:30:07,482 - GAME - Ankimon Startup.
2024-12-18 22:30:42,771 - GAME - Ankimon Startup.
2024-12-18 22:31:13,037 - GAME - Ankimon Startup.
2024-12-18 22:33:33,204 - GAME - Ankimon Startup.
2024-12-18 22:35:56,053 - GAME - Ankimon Startup.
2024-12-18 22:39:32,099 - GAME - Ankimon Startup.
2024-12-18 22:42:29,412 - GAME - Ankimon Startup.
2024-12-18 22:43:46,348 - GAME - Ankimon Startup.
2024-12-18 22:44:35,594 - GAME - Ankimon Startup.
2024-12-18 22:46:03,678 - GAME - Ankimon Startup.
2024-12-18 22:47:42,129 - GAME - Ankimon Startup.
2024-12-18 22:49:45,118 - GAME - Ankimon Startup.
2024-12-18 22:52:38,819 - GAME - Ankimon Startup.
2024-12-18 22:52:56,788 - GAME - Ankimon Startup.
2024-12-18 22:53:06,864 - GAME - Ankimon Startup.
2024-12-18 22:54:37,070 - GAME - Ankimon Startup.
2024-12-18 22:56:20,216 - GAME - Ankimon Startup.
2024-12-18 22:56:50,406 - GAME - Ankimon Startup.
2024-12-18 23:16:09,881 - GAME - Ankimon Startup.
2024-12-18 23:22:34,605 - GAME - Ankimon Startup.
2024-12-18 23:24:31,754 - GAME - Ankimon Startup.
2024-12-18 23:24:47,148 - GAME - Ankimon Startup.
2024-12-18 23:25:18,550 - GAME - Ankimon Startup.
2024-12-18 23:28:36,475 - GAME - Ankimon Startup.
2024-12-18 23:29:57,912 - GAME - Ankimon Startup.
2024-12-18 23:30:10,277 - GAME - 1x Multiplier
 Charmander has chosen Dragonbreath ! 21 dmg is dealt to Cofagrigus.
2024-12-18 23:30:16,137 - GAME - 1.5x Multiplier
 Charmander has chosen Dragonbreath ! 30 dmg is dealt to Cofagrigus.
2024-12-18 23:33:13,332 - GAME - Ankimon Startup.
2024-12-18 23:36:36,907 - GAME - Ankimon Startup.
2024-12-18 23:37:07,450 - GAME - Ankimon Startup.
2024-12-18 23:43:40,243 - GAME - Ankimon Startup.
2024-12-18 23:43:51,033 - GAME - Ankimon Startup.
2024-12-18 23:44:22,574 - GAME - Ankimon Startup.
2024-12-18 23:44:33,563 - GAME - Ankimon Startup.
2024-12-18 23:46:01,756 - GAME - Ankimon Startup.
2024-12-18 23:49:01,547 - GAME - Ankimon Startup.
2024-12-18 23:49:44,232 - GAME - 1x Multiplier
 Charmander has chosen Dragonbreath ! 28 dmg is dealt to Arbok.
2024-12-18 23:49:47,121 - GAME - 1.5x Multiplier
 Charmander has chosen Dragonbreath ! 39 dmg is dealt to Arbok.
2024-12-18 23:51:13,376 - GAME - Ankimon Startup.
2024-12-18 23:52:18,754 - GAME - Ankimon Startup.
2024-12-18 23:53:09,185 - GAME - Ankimon Startup.
2024-12-18 23:53:29,150 - GAME - 1x Multiplier
 Charmander has chosen Dragonbreath ! 41 dmg is dealt to Psyduck.
2024-12-18 23:53:31,495 - GAME - 1.5x Multiplier
 Charmander has chosen Dragonbreath ! 60 dmg is dealt to Psyduck.
2024-12-18 23:53:45,859 - GAME - 1.0x Multiplier
 Charmander has chosen Dragonbreath ! 124 dmg is dealt to Psyduck. Psyduck has fainted
2024-12-18 23:56:30,887 - GAME - Ankimon Startup.
2024-12-18 23:57:13,294 - GAME - 1x Multiplier
 Charmander has chosen Dragonbreath ! 150 dmg is dealt to Croagunk.
2024-12-18 23:57:18,614 - GAME - Ankimon Startup.
2024-12-18 23:57:31,002 - GAME - 1x Multiplier
 Charmander has chosen Dragonbreath ! 24 dmg is dealt to Amoonguss.
2024-12-18 23:59:39,226 - GAME - 1.5x Multiplier
 Charmander has chosen Dragonbreath ! 37 dmg is dealt to Amoonguss.
2024-12-19 00:00:19,584 - GAME - Ankimon Startup.
2024-12-19 00:00:27,597 - GAME - 1x Multiplier
 Charmander has chosen Dragonbreath ! 36 dmg is dealt to Skorupi.
2024-12-19 00:00:29,942 - GAME - 1.5x Multiplier
 Charmander has chosen Dragonbreath ! 56 dmg is dealt to Skorupi.
2024-12-19 00:00:55,305 - GAME - Ankimon Startup.
